<?xml version="1.0" encoding="UTF-8"?>
<testng-results ignored="0" total="1" passed="1" failed="0" skipped="0">
  <reporter-output>
  </reporter-output>
  <suite started-at="2022-02-27T16:33:12 IST" name="Default suite" finished-at="2022-02-27T16:33:34 IST" duration-ms="22819">
    <groups>
    </groups>
    <test started-at="2022-02-27T16:33:12 IST" name="Default test" finished-at="2022-02-27T16:33:34 IST" duration-ms="22819">
      <class name="thinkBridge.testcases.LoginTest_TestNG">
        <test-method is-config="true" signature="SetUpTest()[pri:0, instance:thinkBridge.testcases.LoginTest_TestNG@6069db50]" started-at="2022-02-27T16:33:12 IST" name="SetUpTest" finished-at="2022-02-27T16:33:17 IST" duration-ms="5889" status="PASS">
          <reporter-output>
          </reporter-output>
        </test-method> <!-- SetUpTest -->
        <test-method signature="LoginTest()[pri:0, instance:thinkBridge.testcases.LoginTest_TestNG@6069db50]" started-at="2022-02-27T16:33:18 IST" name="LoginTest" finished-at="2022-02-27T16:33:34 IST" duration-ms="16447" status="PASS">
          <reporter-output>
          </reporter-output>
        </test-method> <!-- LoginTest -->
        <test-method is-config="true" signature="tearDownTest()[pri:0, instance:thinkBridge.testcases.LoginTest_TestNG@6069db50]" started-at="2022-02-27T16:33:34 IST" name="tearDownTest" finished-at="2022-02-27T16:33:34 IST" duration-ms="420" status="PASS">
          <reporter-output>
          </reporter-output>
        </test-method> <!-- tearDownTest -->
      </class> <!-- thinkBridge.testcases.LoginTest_TestNG -->
    </test> <!-- Default test -->
  </suite> <!-- Default suite -->
</testng-results>
